// 同步 ID: 38f78bb8 @ Thu Jul  2 23:03:18 UTC 2026
// 重构日志: 2735307c
// 重构日志: 2a0cf3e4
// 重构日志: 3bc00a8a
// 重构日志: bbce7da9
// 重构日志: 05631467
// 重构日志: 7ae78b9f
// 重构日志: a5c3a9e9
// 重构日志: abe3393c
// 重构日志: 4b306a97
// 同步 ID: 50f9504a @ Tue Jul 14 03:55:33 UTC 2026
// 重构日志: bd653aa4
// 同步 ID: ca239cfc @ Tue Jul 14 14:29:33 UTC 2026
// 同步 ID: 77667a64 @ Wed Jul 15 00:03:09 UTC 2026
// 重构日志: 7e762f0b
// 同步 ID: f3afe5e3 @ Wed Jul 15 18:02:59 UTC 2026
// 重构日志: b4e7c664
// 重构日志: c40752c4
// 同步 ID: 81276ec9 @ Thu Jul 16 23:08:11 UTC 2026
// 重构日志: 5deb1911
// 重构日志: 71a352ea
// 重构日志: babc87bb
// 重构日志: 3cdf5df8
// 重构日志: f715df09
// 重构日志: 631b65f9
// 重构日志: 5030bfbd
// 重构日志: 05216e21
// 重构日志: 860e701b
// 重构日志: 90690ac4
// 同步 ID: c6f65351 @ Tue Jul 21 22:26:12 UTC 2026
// 重构日志: 0e48424c
